Determining if the pthread_create exist failed with the following output:
Change Dir: /home/lbarrios/Documents/uba-algo2-2017-2c/labo1/cmake-build-debug/CMakeFiles/CMakeTmp

Run Build Command:"/usr/bin/make" "cmTC_d2d61/fast"
/usr/bin/make -f CMakeFiles/cmTC_d2d61.dir/build.make CMakeFiles/cmTC_d2d61.dir/build
make[1]: se ingresa al directorio «/home/lbarrios/Documents/uba-algo2-2017-2c/labo1/cmake-build-debug/CMakeFiles/CMakeTmp»
Building C object CMakeFiles/cmTC_d2d61.dir/CheckSymbolExists.c.o
/usr/bin/cc    -o CMakeFiles/cmTC_d2d61.dir/CheckSymbolExists.c.o   -c /home/lbarrios/Documents/uba-algo2-2017-2c/labo1/cmake-build-debug/CMakeFiles/CMakeTmp/CheckSymbolExists.c
Linking C executable cmTC_d2d61
/opt/clion-2017.2/bin/cmake/bin/cmake -E cmake_link_script CMakeFiles/cmTC_d2d61.dir/link.txt --verbose=1
/usr/bin/cc      -rdynamic CMakeFiles/cmTC_d2d61.dir/CheckSymbolExists.c.o  -o cmTC_d2d61 
CMakeFiles/cmTC_d2d61.dir/CheckSymbolExists.c.o: En la función `main':
CheckSymbolExists.c:(.text+0x16): referencia a `pthread_create' sin definir
collect2: error: ld returned 1 exit status
make[1]: *** [cmTC_d2d61] Error 1
make[1]: se sale del directorio «/home/lbarrios/Documents/uba-algo2-2017-2c/labo1/cmake-build-debug/CMakeFiles/CMakeTmp»
make: *** [cmTC_d2d61/fast] Error 2

File /home/lbarrios/Documents/uba-algo2-2017-2c/labo1/cmake-build-debug/CMakeFiles/CMakeTmp/CheckSymbolExists.c:
/* */
#include <pthread.h>

int main(int argc, char** argv)
{
  (void)argv;
#ifndef pthread_create
  return ((int*)(&pthread_create))[argc];
#else
  (void)argc;
  return 0;
#endif
}

Determining if the function pthread_create exists in the pthreads failed with the following output:
Change Dir: /home/lbarrios/Documents/uba-algo2-2017-2c/labo1/cmake-build-debug/CMakeFiles/CMakeTmp

Run Build Command:"/usr/bin/make" "cmTC_543b6/fast"
/usr/bin/make -f CMakeFiles/cmTC_543b6.dir/build.make CMakeFiles/cmTC_543b6.dir/build
make[1]: se ingresa al directorio «/home/lbarrios/Documents/uba-algo2-2017-2c/labo1/cmake-build-debug/CMakeFiles/CMakeTmp»
Building C object CMakeFiles/cmTC_543b6.dir/CheckFunctionExists.c.o
/usr/bin/cc   -DCHECK_FUNCTION_EXISTS=pthread_create   -o CMakeFiles/cmTC_543b6.dir/CheckFunctionExists.c.o   -c /opt/clion-2017.2/bin/cmake/share/cmake-3.8/Modules/CheckFunctionExists.c
Linking C executable cmTC_543b6
/opt/clion-2017.2/bin/cmake/bin/cmake -E cmake_link_script CMakeFiles/cmTC_543b6.dir/link.txt --verbose=1
/usr/bin/cc  -DCHECK_FUNCTION_EXISTS=pthread_create    -rdynamic CMakeFiles/cmTC_543b6.dir/CheckFunctionExists.c.o  -o cmTC_543b6 -lpthreads 
/usr/bin/ld: no se puede encontrar -lpthreads
collect2: error: ld returned 1 exit status
make[1]: *** [cmTC_543b6] Error 1
make[1]: se sale del directorio «/home/lbarrios/Documents/uba-algo2-2017-2c/labo1/cmake-build-debug/CMakeFiles/CMakeTmp»
make: *** [cmTC_543b6/fast] Error 2


